Error loading controllers/authController.js: Cannot find module 'uuid'
Require stack:
- C:\Users\hp\OneDrive\c++\Project\BizChat\backend\models\Store.js
- C:\Users\hp\OneDrive\c++\Project\BizChat\backend\services\authService.js
- C:\Users\hp\OneDrive\c++\Project\BizChat\backend\controllers\authController.js
- C:\Users\hp\OneDrive\c++\Project\BizChat\backend\scan.js
Error loading controllers/orderController.js: Cannot find module 'uuid'
Require stack:
- C:\Users\hp\OneDrive\c++\Project\BizChat\backend\models\Order.js
- C:\Users\hp\OneDrive\c++\Project\BizChat\backend\services\orderService.js
- C:\Users\hp\OneDrive\c++\Project\BizChat\backend\controllers\orderController.js
- C:\Users\hp\OneDrive\c++\Project\BizChat\backend\scan.js
Error loading models/Order.js: Cannot find module 'uuid'
Require stack:
- C:\Users\hp\OneDrive\c++\Project\BizChat\backend\models\Order.js
- C:\Users\hp\OneDrive\c++\Project\BizChat\backend\scan.js
Error loading models/Store.js: Cannot find module 'uuid'
Require stack:
- C:\Users\hp\OneDrive\c++\Project\BizChat\backend\models\Store.js
- C:\Users\hp\OneDrive\c++\Project\BizChat\backend\scan.js
Error loading routes/authRoutes.js: Cannot find module 'uuid'
Require stack:
- C:\Users\hp\OneDrive\c++\Project\BizChat\backend\models\Store.js
- C:\Users\hp\OneDrive\c++\Project\BizChat\backend\services\authService.js
- C:\Users\hp\OneDrive\c++\Project\BizChat\backend\controllers\authController.js
- C:\Users\hp\OneDrive\c++\Project\BizChat\backend\routes\authRoutes.js
- C:\Users\hp\OneDrive\c++\Project\BizChat\backend\scan.js
Error loading routes/orderRoutes.js: Cannot find module 'uuid'
Require stack:
- C:\Users\hp\OneDrive\c++\Project\BizChat\backend\models\Order.js
- C:\Users\hp\OneDrive\c++\Project\BizChat\backend\services\orderService.js
- C:\Users\hp\OneDrive\c++\Project\BizChat\backend\controllers\orderController.js
- C:\Users\hp\OneDrive\c++\Project\BizChat\backend\routes\orderRoutes.js
- C:\Users\hp\OneDrive\c++\Project\BizChat\backend\scan.js
Error loading server.js: Cannot find module 'uuid'
Require stack:
- C:\Users\hp\OneDrive\c++\Project\BizChat\backend\models\Store.js
- C:\Users\hp\OneDrive\c++\Project\BizChat\backend\services\authService.js
- C:\Users\hp\OneDrive\c++\Project\BizChat\backend\controllers\authController.js
- C:\Users\hp\OneDrive\c++\Project\BizChat\backend\routes\authRoutes.js
- C:\Users\hp\OneDrive\c++\Project\BizChat\backend\server.js
- C:\Users\hp\OneDrive\c++\Project\BizChat\backend\scan.js
Error loading services/authService.js: Cannot find module 'uuid'
Require stack:
- C:\Users\hp\OneDrive\c++\Project\BizChat\backend\models\Store.js
- C:\Users\hp\OneDrive\c++\Project\BizChat\backend\services\authService.js
- C:\Users\hp\OneDrive\c++\Project\BizChat\backend\scan.js
Error loading services/orderService.js: Cannot find module 'uuid'
Require stack:
- C:\Users\hp\OneDrive\c++\Project\BizChat\backend\models\Order.js
- C:\Users\hp\OneDrive\c++\Project\BizChat\backend\services\orderService.js
- C:\Users\hp\OneDrive\c++\Project\BizChat\backend\scan.js
